  Graph.cpp
D:\git hub projects\Guide-me\GuideMe\GuideMe\Graph.cpp(95,18): warning C4267: 'initializing': conversion from 'size_t' to 'int', possible loss of data
D:\Visual Studio\VC\Tools\MSVC\14.39.33519\include\utility(278,16): warning C4244: 'initializing': conversion from '_Ty' to '_Ty1', possible loss of data
D:\Visual Studio\VC\Tools\MSVC\14.39.33519\include\utility(278,16): warning C4244:         with
D:\Visual Studio\VC\Tools\MSVC\14.39.33519\include\utility(278,16): warning C4244:         [
D:\Visual Studio\VC\Tools\MSVC\14.39.33519\include\utility(278,16): warning C4244:             _Ty=double
D:\Visual Studio\VC\Tools\MSVC\14.39.33519\include\utility(278,16): warning C4244:         ]
D:\Visual Studio\VC\Tools\MSVC\14.39.33519\include\utility(278,16): warning C4244:         and
D:\Visual Studio\VC\Tools\MSVC\14.39.33519\include\utility(278,16): warning C4244:         [
D:\Visual Studio\VC\Tools\MSVC\14.39.33519\include\utility(278,16): warning C4244:             _Ty1=int
D:\Visual Studio\VC\Tools\MSVC\14.39.33519\include\utility(278,16): warning C4244:         ]
  (compiling source file 'Graph.cpp')
  D:\Visual Studio\VC\Tools\MSVC\14.39.33519\include\utility(278,16):
  the template instantiation context (the oldest one first) is
  	D:\git hub projects\Guide-me\GuideMe\GuideMe\Graph.cpp(130,29):
  	see reference to function template instantiation 'std::pair<int,std::vector<std::string,std::allocator<std::string>>>::pair<double,std::vector<std::string,std::allocator<std::string>>,0>(std::pair<double,std::vector<std::string,std::allocator<std::string>>> &&) noexcept' being compiled
  		D:\git hub projects\Guide-me\GuideMe\GuideMe\Graph.cpp(130,19):
  		see the first reference to 'std::pair<int,std::vector<std::string,std::allocator<std::string>>>::pair' in 'Graph::find_lowest_cost'
  
D:\git hub projects\Guide-me\GuideMe\GuideMe\Graph.cpp(73,1): warning C4715: 'Graph::findWeight': not all control paths return a value
  GuideMe.vcxproj -> D:\git hub projects\Guide-me\GuideMe\x64\Debug\GuideMe.exe
